[2020-12-19 23:50:54.155] [sharedprocess] [info] main {"machineId":"5ab488a3f2a8f0e22cda1c883229a74418bf4a2e7a9253b92ac259b59a652413","windowId":2}
[2020-12-19 23:50:54.186] [sharedprocess] [error] [File Watcher (node.js)] Error: ENOENT: no such file or directory, stat '/root/.config/Code/User/snippets'
[2020-12-19 23:51:34.161] [sharedprocess] [info] Starting to clean up unused language packs.
[2020-12-19 23:56:00.238] [sharedprocess] [info] Installing extension: abusaidm.html-snippets
[2020-12-19 23:56:00.275] [sharedprocess] [info] Installing extension: dart-code.flutter
[2020-12-19 23:56:00.598] [sharedprocess] [info] Installing extension: equinusocio.vsc-community-material-theme
[2020-12-19 23:56:00.613] [sharedprocess] [info] Installing extension: solarliner.linux-themes
[2020-12-19 23:56:00.618] [sharedprocess] [info] Installing extension: fknop.vscode-npm
[2020-12-19 23:56:00.624] [sharedprocess] [info] Installing extension: vscjava.vscode-spring-initializr
[2020-12-19 23:56:00.626] [sharedprocess] [info] Installing extension: debian001.app-migrator
[2020-12-19 23:56:00.630] [sharedprocess] [info] Installing extension: rokoroku.vscode-theme-darcula
[2020-12-19 23:56:00.633] [sharedprocess] [info] Installing extension: ms-toolsai.jupyter
[2020-12-19 23:56:00.635] [sharedprocess] [info] Installing extension: summersun.vscode-jetty
[2020-12-19 23:56:00.637] [sharedprocess] [info] Installing extension: vscjava.vscode-java-test
[2020-12-19 23:56:00.641] [sharedprocess] [info] Installing extension: pkief.material-icon-theme
[2020-12-19 23:56:00.806] [sharedprocess] [info] Installing extension: adashen.vscode-tomcat
[2020-12-19 23:56:00.809] [sharedprocess] [info] Installing extension: gabrielbb.vscode-lombok
[2020-12-19 23:56:00.812] [sharedprocess] [info] Installing extension: github.github-vscode-theme
[2020-12-19 23:56:00.816] [sharedprocess] [info] Installing extension: redhat.vscode-xml
[2020-12-19 23:56:00.821] [sharedprocess] [info] Installing extension: ms-python.vscode-pylance
[2020-12-19 23:56:00.825] [sharedprocess] [info] Installing extension: justjavac.vscode-deno
[2020-12-19 23:56:00.827] [sharedprocess] [info] Installing extension: equinusocio.vsc-material-theme-icons
[2020-12-19 23:56:00.830] [sharedprocess] [info] Installing extension: rust-lang.rust
[2020-12-19 23:56:00.832] [sharedprocess] [info] Installing extension: vscjava.vscode-java-debug
[2020-12-19 23:56:00.835] [sharedprocess] [info] Installing extension: ecmel.vscode-html-css
[2020-12-19 23:56:00.839] [sharedprocess] [info] Installing extension: ms-vscode-remote.remote-wsl
[2020-12-19 23:56:00.842] [sharedprocess] [info] Installing extension: dotjoshjohnson.xml
[2020-12-19 23:56:00.844] [sharedprocess] [info] Installing extension: pivotal.vscode-spring-boot
[2020-12-19 23:56:00.845] [sharedprocess] [info] Installing extension: xabikos.javascriptsnippets
[2020-12-19 23:56:00.847] [sharedprocess] [info] Installing extension: dbaeumer.vscode-eslint
[2020-12-19 23:56:00.850] [sharedprocess] [info] Installing extension: davidanson.vscode-markdownlint
[2020-12-19 23:56:00.852] [sharedprocess] [info] Installing extension: donjayamanne.githistory
[2020-12-19 23:56:00.854] [sharedprocess] [info] Installing extension: eg2.tslint
[2020-12-19 23:56:00.856] [sharedprocess] [info] Installing extension: equinusocio.vsc-material-theme
[2020-12-19 23:56:00.858] [sharedprocess] [info] Installing extension: dart-code.dart-code
[2020-12-19 23:56:00.863] [sharedprocess] [info] Installing extension: ms-azuretools.vscode-docker
[2020-12-19 23:56:00.865] [sharedprocess] [info] Installing extension: formulahendry.code-runner
[2020-12-19 23:56:00.866] [sharedprocess] [info] Installing extension: golang.go
[2020-12-19 23:56:00.868] [sharedprocess] [info] Installing extension: ms-vscode-remote.remote-containers
[2020-12-19 23:56:00.870] [sharedprocess] [info] Installing extension: octref.vetur
[2020-12-19 23:56:00.871] [sharedprocess] [info] Installing extension: esbenp.prettier-vscode
[2020-12-19 23:56:00.872] [sharedprocess] [info] Installing extension: shengchen.vscode-checkstyle
[2020-12-19 23:56:00.873] [sharedprocess] [info] Installing extension: qiu8310.minapp-vscode
[2020-12-19 23:56:00.874] [sharedprocess] [info] Installing extension: tinkertrain.theme-panda
[2020-12-19 23:56:00.875] [sharedprocess] [info] Installing extension: redhat.java
[2020-12-19 23:56:00.876] [sharedprocess] [info] Installing extension: vscjava.vscode-java-pack
[2020-12-19 23:56:00.876] [sharedprocess] [info] Installing extension: vscjava.vscode-java-dependency
[2020-12-19 23:56:00.877] [sharedprocess] [info] Installing extension: vscjava.vscode-spring-boot-dashboard
[2020-12-19 23:56:00.879] [sharedprocess] [info] Installing extension: gruntfuggly.todo-tree
[2020-12-19 23:56:00.881] [sharedprocess] [info] Installing extension: richardwillis.vscode-gradle
[2020-12-19 23:56:00.884] [sharedprocess] [info] Installing extension: tabnine.tabnine-vscode
[2020-12-19 23:56:00.886] [sharedprocess] [info] Installing extension: visualstudioexptteam.vscodeintellicode
[2020-12-19 23:56:00.887] [sharedprocess] [info] Installing extension: vscjava.vscode-maven
[2020-12-19 23:56:00.889] [sharedprocess] [info] Installing extension: shan.code-settings-sync
[2020-12-19 23:56:00.890] [sharedprocess] [info] Installing extension: ant-design-vue.vscode-ant-design-vue-helper
[2020-12-19 23:56:00.983] [sharedprocess] [info] Installing extension: msjsdiag.debugger-for-chrome
[2020-12-19 23:56:00.996] [sharedprocess] [info] Installing extension: ms-python.python
[2020-12-19 23:56:01.004] [sharedprocess] [info] Installing extension: vscode-icons-team.vscode-icons
[2020-12-19 23:56:01.025] [sharedprocess] [info] Installing extension: eamodio.gitlens
[2020-12-19 23:56:01.033] [sharedprocess] [info] Installing extension: vscodevim.vim
[2020-12-19 23:56:01.251] [sharedprocess] [info] Downloaded extension: dart-code.flutter undefined
[2020-12-19 23:56:01.323] [sharedprocess] [info] Extracted extension to /root/.vscode/extensions/.dart-code.flutter-3.17.0: dart-code.flutter
[2020-12-19 23:56:01.323] [sharedprocess] [info] Renamed to /root/.vscode/extensions/dart-code.flutter-3.17.0
[2020-12-19 23:56:01.325] [sharedprocess] [info] Installation completed. dart-code.flutter
[2020-12-19 23:56:01.330] [sharedprocess] [info] Extensions installed successfully: dart-code.flutter
[2020-12-19 23:56:02.068] [sharedprocess] [info] Downloaded extension: vscjava.vscode-spring-initializr undefined
[2020-12-19 23:56:02.083] [sharedprocess] [info] Downloaded extension: dart-code.dart-code undefined
[2020-12-19 23:56:02.110] [sharedprocess] [info] Extracted extension to /root/.vscode/extensions/.vscjava.vscode-spring-initializr-0.6.1: vscjava.vscode-spring-initializr
[2020-12-19 23:56:02.110] [sharedprocess] [info] Renamed to /root/.vscode/extensions/vscjava.vscode-spring-initializr-0.6.1
[2020-12-19 23:56:02.111] [sharedprocess] [info] Installation completed. vscjava.vscode-spring-initializr
[2020-12-19 23:56:02.114] [sharedprocess] [info] Extensions installed successfully: vscjava.vscode-spring-initializr
[2020-12-19 23:56:02.324] [sharedprocess] [info] Downloaded extension: vscjava.vscode-spring-boot-dashboard undefined
[2020-12-19 23:56:02.384] [sharedprocess] [info] Downloaded extension: vscjava.vscode-java-dependency undefined
[2020-12-19 23:56:02.411] [sharedprocess] [info] Downloaded extension: vscjava.vscode-java-pack undefined
[2020-12-19 23:56:02.433] [sharedprocess] [info] Extracted extension to /root/.vscode/extensions/.vscjava.vscode-java-dependency-0.16.0: vscjava.vscode-java-dependency
[2020-12-19 23:56:02.433] [sharedprocess] [info] Renamed to /root/.vscode/extensions/vscjava.vscode-java-dependency-0.16.0
[2020-12-19 23:56:02.434] [sharedprocess] [info] Installation completed. vscjava.vscode-java-dependency
[2020-12-19 23:56:02.437] [sharedprocess] [info] Extensions installed successfully: vscjava.vscode-java-dependency
[2020-12-19 23:56:02.474] [sharedprocess] [info] Extracted extension to /root/.vscode/extensions/.vscjava.vscode-java-pack-0.12.1: vscjava.vscode-java-pack
[2020-12-19 23:56:02.474] [sharedprocess] [info] Renamed to /root/.vscode/extensions/vscjava.vscode-java-pack-0.12.1
[2020-12-19 23:56:02.475] [sharedprocess] [info] Installation completed. vscjava.vscode-java-pack
[2020-12-19 23:56:02.477] [sharedprocess] [info] Extensions installed successfully: vscjava.vscode-java-pack
[2020-12-19 23:56:02.691] [sharedprocess] [info] Downloaded extension: vscjava.vscode-java-test undefined
[2020-12-19 23:56:02.770] [sharedprocess] [info] Extracted extension to /root/.vscode/extensions/.vscjava.vscode-java-test-0.26.1: vscjava.vscode-java-test
[2020-12-19 23:56:02.770] [sharedprocess] [info] Renamed to /root/.vscode/extensions/vscjava.vscode-java-test-0.26.1
[2020-12-19 23:56:02.771] [sharedprocess] [info] Installation completed. vscjava.vscode-java-test
[2020-12-19 23:56:02.773] [sharedprocess] [info] Extensions installed successfully: vscjava.vscode-java-test
[2020-12-19 23:56:02.784] [sharedprocess] [info] Extracted extension to /root/.vscode/extensions/.vscjava.vscode-spring-boot-dashboard-0.2.0: vscjava.vscode-spring-boot-dashboard
[2020-12-19 23:56:02.784] [sharedprocess] [info] Renamed to /root/.vscode/extensions/vscjava.vscode-spring-boot-dashboard-0.2.0
[2020-12-19 23:56:02.785] [sharedprocess] [info] Installation completed. vscjava.vscode-spring-boot-dashboard
[2020-12-19 23:56:02.787] [sharedprocess] [info] Extensions installed successfully: vscjava.vscode-spring-boot-dashboard
[2020-12-19 23:56:02.841] [sharedprocess] [info] Downloaded extension: debian001.app-migrator undefined
[2020-12-19 23:56:02.849] [sharedprocess] [info] Downloaded extension: fknop.vscode-npm undefined
[2020-12-19 23:56:02.865] [sharedprocess] [info] Downloaded extension: rokoroku.vscode-theme-darcula undefined
[2020-12-19 23:56:02.876] [sharedprocess] [info] Extracted extension to /root/.vscode/extensions/.fknop.vscode-npm-3.3.0: fknop.vscode-npm
[2020-12-19 23:56:02.876] [sharedprocess] [info] Renamed to /root/.vscode/extensions/fknop.vscode-npm-3.3.0
[2020-12-19 23:56:02.877] [sharedprocess] [info] Installation completed. fknop.vscode-npm
[2020-12-19 23:56:02.879] [sharedprocess] [info] Extensions installed successfully: fknop.vscode-npm
[2020-12-19 23:56:02.883] [sharedprocess] [info] Extracted extension to /root/.vscode/extensions/.rokoroku.vscode-theme-darcula-1.2.3: rokoroku.vscode-theme-darcula
[2020-12-19 23:56:02.883] [sharedprocess] [info] Renamed to /root/.vscode/extensions/rokoroku.vscode-theme-darcula-1.2.3
[2020-12-19 23:56:02.884] [sharedprocess] [info] Installation completed. rokoroku.vscode-theme-darcula
[2020-12-19 23:56:02.885] [sharedprocess] [info] Extensions installed successfully: rokoroku.vscode-theme-darcula
[2020-12-19 23:56:02.960] [sharedprocess] [info] Downloaded extension: github.github-vscode-theme undefined
[2020-12-19 23:56:02.960] [sharedprocess] [info] Downloaded extension: vscjava.vscode-java-debug undefined
[2020-12-19 23:56:02.980] [sharedprocess] [info] Extracted extension to /root/.vscode/extensions/.github.github-vscode-theme-1.1.5: github.github-vscode-theme
[2020-12-19 23:56:02.980] [sharedprocess] [info] Renamed to /root/.vscode/extensions/github.github-vscode-theme-1.1.5
[2020-12-19 23:56:02.981] [sharedprocess] [info] Installation completed. github.github-vscode-theme
[2020-12-19 23:56:02.983] [sharedprocess] [info] Extensions installed successfully: github.github-vscode-theme
[2020-12-19 23:56:03.022] [sharedprocess] [info] Extracted extension to /root/.vscode/extensions/.vscjava.vscode-java-debug-0.30.0: vscjava.vscode-java-debug
[2020-12-19 23:56:03.023] [sharedprocess] [info] Renamed to /root/.vscode/extensions/vscjava.vscode-java-debug-0.30.0
[2020-12-19 23:56:03.024] [sharedprocess] [info] Installation completed. vscjava.vscode-java-debug
[2020-12-19 23:56:03.026] [sharedprocess] [info] Extensions installed successfully: vscjava.vscode-java-debug
[2020-12-19 23:56:03.029] [sharedprocess] [info] Downloaded extension: ecmel.vscode-html-css undefined
[2020-12-19 23:56:03.039] [sharedprocess] [info] Extracted extension to /root/.vscode/extensions/.ecmel.vscode-html-css-1.2.1: ecmel.vscode-html-css
[2020-12-19 23:56:03.039] [sharedprocess] [info] Renamed to /root/.vscode/extensions/ecmel.vscode-html-css-1.2.1
[2020-12-19 23:56:03.039] [sharedprocess] [info] Installation completed. ecmel.vscode-html-css
[2020-12-19 23:56:03.044] [sharedprocess] [info] Extensions installed successfully: ecmel.vscode-html-css
[2020-12-19 23:56:03.214] [sharedprocess] [info] Downloaded extension: pkief.material-icon-theme undefined
[2020-12-19 23:56:03.540] [sharedprocess] [info] Downloaded extension: dbaeumer.vscode-eslint undefined
[2020-12-19 23:56:03.558] [sharedprocess] [info] Extracted extension to /root/.vscode/extensions/.dbaeumer.vscode-eslint-2.1.14: dbaeumer.vscode-eslint
[2020-12-19 23:56:03.558] [sharedprocess] [info] Renamed to /root/.vscode/extensions/dbaeumer.vscode-eslint-2.1.14
[2020-12-19 23:56:03.560] [sharedprocess] [info] Installation completed. dbaeumer.vscode-eslint
[2020-12-19 23:56:03.562] [sharedprocess] [info] Extensions installed successfully: dbaeumer.vscode-eslint
[2020-12-19 23:56:03.630] [sharedprocess] [info] Downloaded extension: davidanson.vscode-markdownlint undefined
[2020-12-19 23:56:03.645] [sharedprocess] [info] Extracted extension to /root/.vscode/extensions/.davidanson.vscode-markdownlint-0.38.0: davidanson.vscode-markdownlint
[2020-12-19 23:56:03.645] [sharedprocess] [info] Renamed to /root/.vscode/extensions/davidanson.vscode-markdownlint-0.38.0
[2020-12-19 23:56:03.646] [sharedprocess] [info] Installation completed. davidanson.vscode-markdownlint
[2020-12-19 23:56:03.652] [sharedprocess] [info] Extensions installed successfully: davidanson.vscode-markdownlint
[2020-12-19 23:56:03.697] [sharedprocess] [info] Downloaded extension: rust-lang.rust undefined
[2020-12-19 23:56:03.726] [sharedprocess] [info] Extracted extension to /root/.vscode/extensions/.pkief.material-icon-theme-4.4.0: pkief.material-icon-theme
[2020-12-19 23:56:03.726] [sharedprocess] [info] Renamed to /root/.vscode/extensions/pkief.material-icon-theme-4.4.0
[2020-12-19 23:56:03.727] [sharedprocess] [info] Installation completed. pkief.material-icon-theme
[2020-12-19 23:56:03.729] [sharedprocess] [info] Extensions installed successfully: pkief.material-icon-theme
[2020-12-19 23:56:03.768] [sharedprocess] [info] Extracted extension to /root/.vscode/extensions/.rust-lang.rust-0.7.8: rust-lang.rust
[2020-12-19 23:56:03.768] [sharedprocess] [info] Renamed to /root/.vscode/extensions/rust-lang.rust-0.7.8
[2020-12-19 23:56:03.768] [sharedprocess] [info] Installation completed. rust-lang.rust
[2020-12-19 23:56:03.771] [sharedprocess] [info] Extensions installed successfully: rust-lang.rust
[2020-12-19 23:56:03.895] [sharedprocess] [info] Downloaded extension: eg2.tslint undefined
[2020-12-19 23:56:04.008] [sharedprocess] [info] Extracted extension to /root/.vscode/extensions/.eg2.tslint-1.0.44: eg2.tslint
[2020-12-19 23:56:04.008] [sharedprocess] [info] Renamed to /root/.vscode/extensions/eg2.tslint-1.0.44
[2020-12-19 23:56:04.009] [sharedprocess] [info] Installation completed. eg2.tslint
[2020-12-19 23:56:04.011] [sharedprocess] [info] Extensions installed successfully: eg2.tslint
[2020-12-19 23:56:04.028] [sharedprocess] [info] Extracted extension to /root/.vscode/extensions/.debian001.app-migrator-0.0.6: debian001.app-migrator
[2020-12-19 23:56:04.028] [sharedprocess] [info] Renamed to /root/.vscode/extensions/debian001.app-migrator-0.0.6
[2020-12-19 23:56:04.028] [sharedprocess] [info] Installation completed. debian001.app-migrator
[2020-12-19 23:56:04.030] [sharedprocess] [info] Extensions installed successfully: debian001.app-migrator
[2020-12-19 23:56:04.248] [sharedprocess] [info] Downloaded extension: xabikos.javascriptsnippets undefined
[2020-12-19 23:56:04.252] [sharedprocess] [info] Extracted extension to /root/.vscode/extensions/.xabikos.javascriptsnippets-1.8.0: xabikos.javascriptsnippets
[2020-12-19 23:56:04.252] [sharedprocess] [info] Renamed to /root/.vscode/extensions/xabikos.javascriptsnippets-1.8.0
[2020-12-19 23:56:04.252] [sharedprocess] [info] Installation completed. xabikos.javascriptsnippets
[2020-12-19 23:56:04.253] [sharedprocess] [info] Extensions installed successfully: xabikos.javascriptsnippets
[2020-12-19 23:56:04.473] [sharedprocess] [info] Downloaded extension: ms-vscode-remote.remote-wsl undefined
[2020-12-19 23:56:04.494] [sharedprocess] [info] Extracted extension to /root/.vscode/extensions/.ms-vscode-remote.remote-wsl-0.52.0: ms-vscode-remote.remote-wsl
[2020-12-19 23:56:04.495] [sharedprocess] [info] Renamed to /root/.vscode/extensions/ms-vscode-remote.remote-wsl-0.52.0
[2020-12-19 23:56:04.495] [sharedprocess] [info] Installation completed. ms-vscode-remote.remote-wsl
[2020-12-19 23:56:04.497] [sharedprocess] [info] Extensions installed successfully: ms-vscode-remote.remote-wsl
[2020-12-19 23:56:04.840] [sharedprocess] [info] Downloaded extension: formulahendry.code-runner undefined
[2020-12-19 23:56:04.914] [sharedprocess] [info] Extracted extension to /root/.vscode/extensions/.formulahendry.code-runner-0.11.1: formulahendry.code-runner
[2020-12-19 23:56:04.914] [sharedprocess] [info] Renamed to /root/.vscode/extensions/formulahendry.code-runner-0.11.1
[2020-12-19 23:56:04.914] [sharedprocess] [info] Installation completed. formulahendry.code-runner
[2020-12-19 23:56:04.916] [sharedprocess] [info] Extensions installed successfully: formulahendry.code-runner
[2020-12-19 23:56:05.059] [sharedprocess] [info] Downloaded extension: equinusocio.vsc-community-material-theme undefined
[2020-12-19 23:56:05.068] [sharedprocess] [info] Extracted extension to /root/.vscode/extensions/.equinusocio.vsc-community-material-theme-1.4.2: equinusocio.vsc-community-material-theme
[2020-12-19 23:56:05.068] [sharedprocess] [info] Renamed to /root/.vscode/extensions/equinusocio.vsc-community-material-theme-1.4.2
[2020-12-19 23:56:05.069] [sharedprocess] [info] Installation completed. equinusocio.vsc-community-material-theme
[2020-12-19 23:56:05.070] [sharedprocess] [info] Extensions installed successfully: equinusocio.vsc-community-material-theme
[2020-12-19 23:56:05.155] [sharedprocess] [info] Downloaded extension: donjayamanne.githistory undefined
[2020-12-19 23:56:05.182] [sharedprocess] [info] Extracted extension to /root/.vscode/extensions/.donjayamanne.githistory-0.6.14: donjayamanne.githistory
[2020-12-19 23:56:05.182] [sharedprocess] [info] Renamed to /root/.vscode/extensions/donjayamanne.githistory-0.6.14
[2020-12-19 23:56:05.183] [sharedprocess] [info] Installation completed. donjayamanne.githistory
[2020-12-19 23:56:05.184] [sharedprocess] [info] Extensions installed successfully: donjayamanne.githistory
[2020-12-19 23:56:05.242] [sharedprocess] [info] Extracted extension to /root/.vscode/extensions/.dart-code.dart-code-3.17.1: dart-code.dart-code
[2020-12-19 23:56:05.243] [sharedprocess] [info] Renamed to /root/.vscode/extensions/dart-code.dart-code-3.17.1
[2020-12-19 23:56:05.244] [sharedprocess] [info] Installation completed. dart-code.dart-code
[2020-12-19 23:56:05.248] [sharedprocess] [info] Extensions installed successfully: dart-code.dart-code
[2020-12-19 23:56:05.369] [sharedprocess] [info] Downloaded extension: gruntfuggly.todo-tree undefined
[2020-12-19 23:56:05.390] [sharedprocess] [info] Extracted extension to /root/.vscode/extensions/.gruntfuggly.todo-tree-0.0.192: gruntfuggly.todo-tree
[2020-12-19 23:56:05.390] [sharedprocess] [info] Renamed to /root/.vscode/extensions/gruntfuggly.todo-tree-0.0.192
[2020-12-19 23:56:05.391] [sharedprocess] [info] Installation completed. gruntfuggly.todo-tree
[2020-12-19 23:56:05.392] [sharedprocess] [info] Extensions installed successfully: gruntfuggly.todo-tree
[2020-12-19 23:56:05.941] [sharedprocess] [info] Downloaded extension: ms-vscode-remote.remote-containers undefined
[2020-12-19 23:56:06.134] [sharedprocess] [info] Extracted extension to /root/.vscode/extensions/.ms-vscode-remote.remote-containers-0.154.1: ms-vscode-remote.remote-containers
[2020-12-19 23:56:06.134] [sharedprocess] [info] Renamed to /root/.vscode/extensions/ms-vscode-remote.remote-containers-0.154.1
[2020-12-19 23:56:06.135] [sharedprocess] [info] Installation completed. ms-vscode-remote.remote-containers
[2020-12-19 23:56:06.138] [sharedprocess] [info] Extensions installed successfully: ms-vscode-remote.remote-containers
[2020-12-19 23:56:06.149] [sharedprocess] [info] Downloaded extension: shan.code-settings-sync undefined
[2020-12-19 23:56:06.185] [sharedprocess] [info] Extracted extension to /root/.vscode/extensions/.shan.code-settings-sync-3.4.3: shan.code-settings-sync
[2020-12-19 23:56:06.186] [sharedprocess] [info] Renamed to /root/.vscode/extensions/shan.code-settings-sync-3.4.3
[2020-12-19 23:56:06.186] [sharedprocess] [info] Installation completed. shan.code-settings-sync
[2020-12-19 23:56:06.187] [sharedprocess] [info] Extensions installed successfully: shan.code-settings-sync
[2020-12-19 23:56:06.223] [sharedprocess] [info] Downloaded extension: equinusocio.vsc-material-theme-icons undefined
[2020-12-19 23:56:06.265] [sharedprocess] [info] Downloaded extension: golang.go undefined
[2020-12-19 23:56:06.311] [sharedprocess] [info] Extracted extension to /root/.vscode/extensions/.golang.go-0.19.1: golang.go
[2020-12-19 23:56:06.311] [sharedprocess] [info] Renamed to /root/.vscode/extensions/golang.go-0.19.1
[2020-12-19 23:56:06.312] [sharedprocess] [info] Installation completed. golang.go
[2020-12-19 23:56:06.314] [sharedprocess] [info] Extensions installed successfully: golang.go
[2020-12-19 23:56:06.508] [sharedprocess] [info] Extracted extension to /root/.vscode/extensions/.equinusocio.vsc-material-theme-icons-1.2.0: equinusocio.vsc-material-theme-icons
[2020-12-19 23:56:06.509] [sharedprocess] [info] Renamed to /root/.vscode/extensions/equinusocio.vsc-material-theme-icons-1.2.0
[2020-12-19 23:56:06.509] [sharedprocess] [info] Installation completed. equinusocio.vsc-material-theme-icons
[2020-12-19 23:56:06.511] [sharedprocess] [info] Extensions installed successfully: equinusocio.vsc-material-theme-icons
[2020-12-19 23:56:06.999] [sharedprocess] [info] Downloaded extension: equinusocio.vsc-material-theme undefined
[2020-12-19 23:56:07.092] [sharedprocess] [info] Extracted extension to /root/.vscode/extensions/.equinusocio.vsc-material-theme-33.1.2: equinusocio.vsc-material-theme
[2020-12-19 23:56:07.092] [sharedprocess] [info] Renamed to /root/.vscode/extensions/equinusocio.vsc-material-theme-33.1.2
[2020-12-19 23:56:07.093] [sharedprocess] [info] Installation completed. equinusocio.vsc-material-theme
[2020-12-19 23:56:07.094] [sharedprocess] [info] Extensions installed successfully: equinusocio.vsc-material-theme
[2020-12-19 23:56:07.125] [sharedprocess] [info] Downloaded extension: abusaidm.html-snippets undefined
[2020-12-19 23:56:07.130] [sharedprocess] [info] Extracted extension to /root/.vscode/extensions/.abusaidm.html-snippets-0.2.1: abusaidm.html-snippets
[2020-12-19 23:56:07.130] [sharedprocess] [info] Renamed to /root/.vscode/extensions/abusaidm.html-snippets-0.2.1
[2020-12-19 23:56:07.130] [sharedprocess] [info] Installation completed. abusaidm.html-snippets
[2020-12-19 23:56:07.131] [sharedprocess] [info] Extensions installed successfully: abusaidm.html-snippets
[2020-12-19 23:56:07.288] [sharedprocess] [info] Downloaded extension: tinkertrain.theme-panda undefined
[2020-12-19 23:56:07.336] [sharedprocess] [info] Downloaded extension: eamodio.gitlens undefined
[2020-12-19 23:56:07.337] [sharedprocess] [info] Extracted extension to /root/.vscode/extensions/.tinkertrain.theme-panda-1.3.0: tinkertrain.theme-panda
[2020-12-19 23:56:07.337] [sharedprocess] [info] Renamed to /root/.vscode/extensions/tinkertrain.theme-panda-1.3.0
[2020-12-19 23:56:07.337] [sharedprocess] [info] Installation completed. tinkertrain.theme-panda
[2020-12-19 23:56:07.339] [sharedprocess] [info] Extensions installed successfully: tinkertrain.theme-panda
[2020-12-19 23:56:07.436] [sharedprocess] [info] Extracted extension to /root/.vscode/extensions/.eamodio.gitlens-11.0.6: eamodio.gitlens
[2020-12-19 23:56:07.436] [sharedprocess] [info] Renamed to /root/.vscode/extensions/eamodio.gitlens-11.0.6
[2020-12-19 23:56:07.440] [sharedprocess] [info] Installation completed. eamodio.gitlens
[2020-12-19 23:56:07.445] [sharedprocess] [info] Extensions installed successfully: eamodio.gitlens
[2020-12-19 23:56:07.715] [sharedprocess] [info] Downloaded extension: ant-design-vue.vscode-ant-design-vue-helper undefined
[2020-12-19 23:56:07.744] [sharedprocess] [info] Downloaded extension: vscodevim.vim undefined
[2020-12-19 23:56:07.832] [sharedprocess] [info] Extracted extension to /root/.vscode/extensions/.vscodevim.vim-1.18.5: vscodevim.vim
[2020-12-19 23:56:07.832] [sharedprocess] [info] Renamed to /root/.vscode/extensions/vscodevim.vim-1.18.5
[2020-12-19 23:56:07.833] [sharedprocess] [info] Installation completed. vscodevim.vim
[2020-12-19 23:56:07.835] [sharedprocess] [info] Extensions installed successfully: vscodevim.vim
[2020-12-19 23:56:07.955] [sharedprocess] [info] Extracted extension to /root/.vscode/extensions/.ant-design-vue.vscode-ant-design-vue-helper-1.0.6: ant-design-vue.vscode-ant-design-vue-helper
[2020-12-19 23:56:07.955] [sharedprocess] [info] Renamed to /root/.vscode/extensions/ant-design-vue.vscode-ant-design-vue-helper-1.0.6
[2020-12-19 23:56:07.956] [sharedprocess] [info] Installation completed. ant-design-vue.vscode-ant-design-vue-helper
[2020-12-19 23:56:07.958] [sharedprocess] [info] Extensions installed successfully: ant-design-vue.vscode-ant-design-vue-helper
[2020-12-19 23:56:08.720] [sharedprocess] [info] Downloaded extension: dotjoshjohnson.xml undefined
[2020-12-19 23:56:08.721] [sharedprocess] [info] Downloaded extension: vscjava.vscode-maven undefined
[2020-12-19 23:56:08.893] [sharedprocess] [info] Extracted extension to /root/.vscode/extensions/.vscjava.vscode-maven-0.27.0: vscjava.vscode-maven
[2020-12-19 23:56:08.893] [sharedprocess] [info] Renamed to /root/.vscode/extensions/vscjava.vscode-maven-0.27.0
[2020-12-19 23:56:08.894] [sharedprocess] [info] Installation completed. vscjava.vscode-maven
[2020-12-19 23:56:08.896] [sharedprocess] [info] Extensions installed successfully: vscjava.vscode-maven
[2020-12-19 23:56:09.086] [sharedprocess] [info] Extracted extension to /root/.vscode/extensions/.dotjoshjohnson.xml-2.5.1: dotjoshjohnson.xml
[2020-12-19 23:56:09.086] [sharedprocess] [info] Renamed to /root/.vscode/extensions/dotjoshjohnson.xml-2.5.1
[2020-12-19 23:56:09.086] [sharedprocess] [info] Installation completed. dotjoshjohnson.xml
[2020-12-19 23:56:09.088] [sharedprocess] [info] Extensions installed successfully: dotjoshjohnson.xml
[2020-12-19 23:56:09.422] [sharedprocess] [info] Downloaded extension: ms-azuretools.vscode-docker undefined
[2020-12-19 23:56:09.626] [sharedprocess] [info] Extracted extension to /root/.vscode/extensions/.ms-azuretools.vscode-docker-1.9.0: ms-azuretools.vscode-docker
[2020-12-19 23:56:09.626] [sharedprocess] [info] Renamed to /root/.vscode/extensions/ms-azuretools.vscode-docker-1.9.0
[2020-12-19 23:56:09.629] [sharedprocess] [info] Installation completed. ms-azuretools.vscode-docker
[2020-12-19 23:56:09.633] [sharedprocess] [info] Extensions installed successfully: ms-azuretools.vscode-docker
[2020-12-19 23:56:10.514] [sharedprocess] [info] Downloaded extension: msjsdiag.debugger-for-chrome undefined
[2020-12-19 23:56:10.714] [sharedprocess] [info] Extracted extension to /root/.vscode/extensions/.msjsdiag.debugger-for-chrome-4.12.11: msjsdiag.debugger-for-chrome
[2020-12-19 23:56:10.714] [sharedprocess] [info] Renamed to /root/.vscode/extensions/msjsdiag.debugger-for-chrome-4.12.11
[2020-12-19 23:56:10.714] [sharedprocess] [info] Installation completed. msjsdiag.debugger-for-chrome
[2020-12-19 23:56:10.717] [sharedprocess] [info] Extensions installed successfully: msjsdiag.debugger-for-chrome
[2020-12-19 23:56:10.848] [sharedprocess] [info] Downloaded extension: solarliner.linux-themes undefined
[2020-12-19 23:56:10.974] [sharedprocess] [info] Extracted extension to /root/.vscode/extensions/.solarliner.linux-themes-1.0.1: solarliner.linux-themes
[2020-12-19 23:56:10.974] [sharedprocess] [info] Renamed to /root/.vscode/extensions/solarliner.linux-themes-1.0.1
[2020-12-19 23:56:10.974] [sharedprocess] [info] Installation completed. solarliner.linux-themes
[2020-12-19 23:56:10.976] [sharedprocess] [info] Extensions installed successfully: solarliner.linux-themes
[2020-12-19 23:56:11.036] [sharedprocess] [info] Downloaded extension: qiu8310.minapp-vscode undefined
[2020-12-19 23:56:11.329] [sharedprocess] [info] Extracted extension to /root/.vscode/extensions/.qiu8310.minapp-vscode-2.2.2: qiu8310.minapp-vscode
[2020-12-19 23:56:11.330] [sharedprocess] [info] Renamed to /root/.vscode/extensions/qiu8310.minapp-vscode-2.2.2
[2020-12-19 23:56:11.330] [sharedprocess] [info] Installation completed. qiu8310.minapp-vscode
[2020-12-19 23:56:11.332] [sharedprocess] [info] Extensions installed successfully: qiu8310.minapp-vscode
[2020-12-19 23:56:11.339] [sharedprocess] [info] Downloaded extension: vscode-icons-team.vscode-icons undefined
[2020-12-19 23:56:11.737] [sharedprocess] [info] Extracted extension to /root/.vscode/extensions/.vscode-icons-team.vscode-icons-11.0.0: vscode-icons-team.vscode-icons
[2020-12-19 23:56:11.737] [sharedprocess] [info] Renamed to /root/.vscode/extensions/vscode-icons-team.vscode-icons-11.0.0
[2020-12-19 23:56:11.738] [sharedprocess] [info] Installation completed. vscode-icons-team.vscode-icons
[2020-12-19 23:56:11.740] [sharedprocess] [info] Extensions installed successfully: vscode-icons-team.vscode-icons
[2020-12-19 23:56:15.487] [sharedprocess] [info] Downloaded extension: shengchen.vscode-checkstyle undefined
[2020-12-19 23:56:15.566] [sharedprocess] [info] Extracted extension to /root/.vscode/extensions/.shengchen.vscode-checkstyle-1.3.3: shengchen.vscode-checkstyle
[2020-12-19 23:56:15.566] [sharedprocess] [info] Renamed to /root/.vscode/extensions/shengchen.vscode-checkstyle-1.3.3
[2020-12-19 23:56:15.567] [sharedprocess] [info] Installation completed. shengchen.vscode-checkstyle
[2020-12-19 23:56:15.569] [sharedprocess] [info] Extensions installed successfully: shengchen.vscode-checkstyle
[2020-12-19 23:56:15.788] [sharedprocess] [info] Downloaded extension: esbenp.prettier-vscode undefined
[2020-12-19 23:56:16.068] [sharedprocess] [info] Extracted extension to /root/.vscode/extensions/.esbenp.prettier-vscode-5.8.0: esbenp.prettier-vscode
[2020-12-19 23:56:16.068] [sharedprocess] [info] Renamed to /root/.vscode/extensions/esbenp.prettier-vscode-5.8.0
[2020-12-19 23:56:16.069] [sharedprocess] [info] Installation completed. esbenp.prettier-vscode
[2020-12-19 23:56:16.072] [sharedprocess] [info] Extensions installed successfully: esbenp.prettier-vscode
[2020-12-19 23:56:16.442] [sharedprocess] [info] Downloaded extension: summersun.vscode-jetty undefined
[2020-12-19 23:56:16.806] [sharedprocess] [info] Downloaded extension: ms-python.python undefined
[2020-12-19 23:56:16.841] [sharedprocess] [info] Extracted extension to /root/.vscode/extensions/.summersun.vscode-jetty-0.1.11: summersun.vscode-jetty
[2020-12-19 23:56:16.841] [sharedprocess] [info] Renamed to /root/.vscode/extensions/summersun.vscode-jetty-0.1.11
[2020-12-19 23:56:16.842] [sharedprocess] [info] Installation completed. summersun.vscode-jetty
[2020-12-19 23:56:16.843] [sharedprocess] [info] Extensions installed successfully: summersun.vscode-jetty
[2020-12-19 23:56:17.149] [sharedprocess] [info] Downloaded extension: adashen.vscode-tomcat undefined
[2020-12-19 23:56:17.916] [sharedprocess] [info] Extracted extension to /root/.vscode/extensions/.ms-python.python-2020.12.424452561: ms-python.python
[2020-12-19 23:56:17.916] [sharedprocess] [info] Renamed to /root/.vscode/extensions/ms-python.python-2020.12.424452561
[2020-12-19 23:56:17.920] [sharedprocess] [info] Installation completed. ms-python.python
[2020-12-19 23:56:17.926] [sharedprocess] [info] Extensions installed successfully: ms-python.python
[2020-12-19 23:56:18.085] [sharedprocess] [info] Extracted extension to /root/.vscode/extensions/.adashen.vscode-tomcat-0.11.3: adashen.vscode-tomcat
[2020-12-19 23:56:18.085] [sharedprocess] [info] Renamed to /root/.vscode/extensions/adashen.vscode-tomcat-0.11.3
[2020-12-19 23:56:18.086] [sharedprocess] [info] Installation completed. adashen.vscode-tomcat
[2020-12-19 23:56:18.088] [sharedprocess] [info] Extensions installed successfully: adashen.vscode-tomcat
[2020-12-19 23:56:21.488] [sharedprocess] [info] Downloaded extension: visualstudioexptteam.vscodeintellicode undefined
[2020-12-19 23:56:21.724] [sharedprocess] [info] Downloaded extension: ms-toolsai.jupyter undefined
[2020-12-19 23:56:21.766] [sharedprocess] [info] Extracted extension to /root/.vscode/extensions/.visualstudioexptteam.vscodeintellicode-1.2.10: visualstudioexptteam.vscodeintellicode
[2020-12-19 23:56:21.766] [sharedprocess] [info] Renamed to /root/.vscode/extensions/visualstudioexptteam.vscodeintellicode-1.2.10
[2020-12-19 23:56:21.767] [sharedprocess] [info] Installation completed. visualstudioexptteam.vscodeintellicode
[2020-12-19 23:56:21.769] [sharedprocess] [info] Extensions installed successfully: visualstudioexptteam.vscodeintellicode
[2020-12-19 23:56:22.156] [sharedprocess] [info] Extracted extension to /root/.vscode/extensions/.ms-toolsai.jupyter-2020.12.414227025: ms-toolsai.jupyter
[2020-12-19 23:56:22.156] [sharedprocess] [info] Renamed to /root/.vscode/extensions/ms-toolsai.jupyter-2020.12.414227025
[2020-12-19 23:56:22.158] [sharedprocess] [info] Installation completed. ms-toolsai.jupyter
[2020-12-19 23:56:22.161] [sharedprocess] [info] Extensions installed successfully: ms-toolsai.jupyter
[2020-12-19 23:56:23.197] [sharedprocess] [info] Downloaded extension: richardwillis.vscode-gradle undefined
[2020-12-19 23:56:23.300] [sharedprocess] [info] Extracted extension to /root/.vscode/extensions/.richardwillis.vscode-gradle-3.5.2: richardwillis.vscode-gradle
[2020-12-19 23:56:23.300] [sharedprocess] [info] Renamed to /root/.vscode/extensions/richardwillis.vscode-gradle-3.5.2
[2020-12-19 23:56:23.301] [sharedprocess] [info] Installation completed. richardwillis.vscode-gradle
[2020-12-19 23:56:23.303] [sharedprocess] [info] Extensions installed successfully: richardwillis.vscode-gradle
[2020-12-19 23:56:24.539] [sharedprocess] [info] Downloaded extension: tabnine.tabnine-vscode undefined
[2020-12-19 23:56:24.749] [sharedprocess] [info] Downloaded extension: justjavac.vscode-deno undefined
[2020-12-19 23:56:25.078] [sharedprocess] [info] Downloaded extension: redhat.vscode-xml undefined
[2020-12-19 23:56:25.303] [sharedprocess] [info] Extracted extension to /root/.vscode/extensions/.tabnine.tabnine-vscode-3.1.18: tabnine.tabnine-vscode
[2020-12-19 23:56:25.304] [sharedprocess] [info] Renamed to /root/.vscode/extensions/tabnine.tabnine-vscode-3.1.18
[2020-12-19 23:56:25.305] [sharedprocess] [info] Installation completed. tabnine.tabnine-vscode
[2020-12-19 23:56:25.308] [sharedprocess] [info] Extensions installed successfully: tabnine.tabnine-vscode
[2020-12-19 23:56:25.365] [sharedprocess] [info] Extracted extension to /root/.vscode/extensions/.redhat.vscode-xml-0.14.0: redhat.vscode-xml
[2020-12-19 23:56:25.365] [sharedprocess] [info] Renamed to /root/.vscode/extensions/redhat.vscode-xml-0.14.0
[2020-12-19 23:56:25.366] [sharedprocess] [info] Installation completed. redhat.vscode-xml
[2020-12-19 23:56:25.368] [sharedprocess] [info] Extensions installed successfully: redhat.vscode-xml
[2020-12-19 23:56:25.457] [sharedprocess] [info] Extracted extension to /root/.vscode/extensions/.justjavac.vscode-deno-1.34.0: justjavac.vscode-deno
[2020-12-19 23:56:25.457] [sharedprocess] [info] Renamed to /root/.vscode/extensions/justjavac.vscode-deno-1.34.0
[2020-12-19 23:56:25.457] [sharedprocess] [info] Installation completed. justjavac.vscode-deno
[2020-12-19 23:56:25.459] [sharedprocess] [info] Extensions installed successfully: justjavac.vscode-deno
[2020-12-19 23:56:26.090] [sharedprocess] [info] Downloaded extension: ms-python.vscode-pylance undefined
[2020-12-19 23:56:26.122] [sharedprocess] [info] Downloaded extension: pivotal.vscode-spring-boot undefined
[2020-12-19 23:56:27.308] [sharedprocess] [info] Downloaded extension: octref.vetur undefined
[2020-12-19 23:56:27.451] [sharedprocess] [info] Extracted extension to /root/.vscode/extensions/.ms-python.vscode-pylance-2020.12.2: ms-python.vscode-pylance
[2020-12-19 23:56:27.451] [sharedprocess] [info] Renamed to /root/.vscode/extensions/ms-python.vscode-pylance-2020.12.2
[2020-12-19 23:56:27.453] [sharedprocess] [info] Installation completed. ms-python.vscode-pylance
[2020-12-19 23:56:27.456] [sharedprocess] [info] Extensions installed successfully: ms-python.vscode-pylance
[2020-12-19 23:56:27.773] [sharedprocess] [info] Extracted extension to /root/.vscode/extensions/.pivotal.vscode-spring-boot-1.24.0: pivotal.vscode-spring-boot
[2020-12-19 23:56:27.773] [sharedprocess] [info] Renamed to /root/.vscode/extensions/pivotal.vscode-spring-boot-1.24.0
[2020-12-19 23:56:27.774] [sharedprocess] [info] Installation completed. pivotal.vscode-spring-boot
[2020-12-19 23:56:27.777] [sharedprocess] [info] Extensions installed successfully: pivotal.vscode-spring-boot
[2020-12-19 23:56:28.733] [sharedprocess] [info] Extracted extension to /root/.vscode/extensions/.octref.vetur-0.31.3: octref.vetur
[2020-12-19 23:56:28.733] [sharedprocess] [info] Renamed to /root/.vscode/extensions/octref.vetur-0.31.3
[2020-12-19 23:56:28.735] [sharedprocess] [info] Installation completed. octref.vetur
[2020-12-19 23:56:28.740] [sharedprocess] [info] Extensions installed successfully: octref.vetur
[2020-12-19 23:56:28.896] [sharedprocess] [info] Downloaded extension: gabrielbb.vscode-lombok undefined
[2020-12-19 23:56:29.703] [sharedprocess] [info] Downloaded extension: redhat.java undefined
[2020-12-19 23:56:30.115] [sharedprocess] [info] Extracted extension to /root/.vscode/extensions/.redhat.java-0.73.0: redhat.java
[2020-12-19 23:56:30.115] [sharedprocess] [info] Renamed to /root/.vscode/extensions/redhat.java-0.73.0
[2020-12-19 23:56:30.117] [sharedprocess] [info] Installation completed. redhat.java
[2020-12-19 23:56:30.121] [sharedprocess] [info] Extensions installed successfully: redhat.java
[2020-12-19 23:56:30.877] [sharedprocess] [info] Extracted extension to /root/.vscode/extensions/.gabrielbb.vscode-lombok-1.0.1: gabrielbb.vscode-lombok
[2020-12-19 23:56:30.877] [sharedprocess] [info] Renamed to /root/.vscode/extensions/gabrielbb.vscode-lombok-1.0.1
[2020-12-19 23:56:30.878] [sharedprocess] [info] Installation completed. gabrielbb.vscode-lombok
[2020-12-19 23:56:30.880] [sharedprocess] [info] Extensions installed successfully: gabrielbb.vscode-lombok
