!SESSION 2021-01-24 16:25:29.862 -----------------------------------------------
eclipse.buildId=unknown
java.version=1.8.0_265
java.vendor=Oracle Corporation
BootLoader constants: OS=linux, ARCH=x86_64, WS=gtk, NL=en_US
Command-line arguments:  -data /root/.config/coc/extensions/coc-java-data/jdt_ws_6b5da399139b9f2446e8d68044700929

!ENTRY org.eclipse.osgi 4 0 2021-01-24 16:25:30.065
!MESSAGE Error installing bundle: reference:file:plugins/org.apache.log4j_1.2.15.v201012070815.jar
!STACK 0
org.osgi.framework.BundleException: Error occurred installing a bundle.
	at org.eclipse.osgi.storage.Storage.install(Storage.java:760)
	at org.eclipse.osgi.internal.framework.BundleContextImpl.installBundle(BundleContextImpl.java:182)
	at org.eclipse.core.runtime.adaptor.EclipseStarter.installBundles(EclipseStarter.java:984)
	at org.eclipse.core.runtime.adaptor.EclipseStarter.loadBasicBundles(EclipseStarter.java:596)
	at org.eclipse.core.runtime.adaptor.EclipseStarter.startup(EclipseStarter.java:331)
	at org.eclipse.core.runtime.adaptor.EclipseStarter.run(EclipseStarter.java:251)
	at sun.reflect.NativeMethodAccessorImpl.invoke0(Native Method)
	at sun.reflect.NativeMethodAccessorImpl.invoke(NativeMethodAccessorImpl.java:62)
	at sun.reflect.DelegatingMethodAccessorImpl.invoke(DelegatingMethodAccessorImpl.java:43)
	at java.lang.reflect.Method.invoke(Method.java:498)
	at org.eclipse.equinox.launcher.Main.invokeFramework(Main.java:653)
	at org.eclipse.equinox.launcher.Main.basicRun(Main.java:590)
	at org.eclipse.equinox.launcher.Main.run(Main.java:1461)
	at org.eclipse.equinox.launcher.Main.main(Main.java:1434)
Caused by: java.util.zip.ZipException: Exception in opening zip file: /root/.config/coc/extensions/coc-java-data/server/plugins/org.apache.log4j_1.2.15.v201012070815.jar
	at org.eclipse.osgi.framework.util.SecureAction.getZipFile(SecureAction.java:349)
	at org.eclipse.osgi.storage.bundlefile.ZipBundleFile.doOpen(ZipBundleFile.java:48)
	at org.eclipse.osgi.storage.bundlefile.CloseableBundleFile.open(CloseableBundleFile.java:135)
	at org.eclipse.osgi.storage.bundlefile.CloseableBundleFile.open(CloseableBundleFile.java:417)
	at org.eclipse.osgi.storage.Storage.install(Storage.java:724)
	... 13 more
Caused by: java.util.zip.ZipException: error in opening zip file
	at java.util.zip.ZipFile.open(Native Method)
	at java.util.zip.ZipFile.<init>(ZipFile.java:225)
	at java.util.zip.ZipFile.<init>(ZipFile.java:155)
	at java.util.zip.ZipFile.<init>(ZipFile.java:169)
	at org.eclipse.osgi.framework.util.SecureAction.getZipFile(SecureAction.java:335)
	... 17 more
Root exception:
java.util.zip.ZipException: Exception in opening zip file: /root/.config/coc/extensions/coc-java-data/server/plugins/org.apache.log4j_1.2.15.v201012070815.jar
	at org.eclipse.osgi.framework.util.SecureAction.getZipFile(SecureAction.java:349)
	at org.eclipse.osgi.storage.bundlefile.ZipBundleFile.doOpen(ZipBundleFile.java:48)
	at org.eclipse.osgi.storage.bundlefile.CloseableBundleFile.open(CloseableBundleFile.java:135)
	at org.eclipse.osgi.storage.bundlefile.CloseableBundleFile.open(CloseableBundleFile.java:417)
	at org.eclipse.osgi.storage.Storage.install(Storage.java:724)
	at org.eclipse.osgi.internal.framework.BundleContextImpl.installBundle(BundleContextImpl.java:182)
	at org.eclipse.core.runtime.adaptor.EclipseStarter.installBundles(EclipseStarter.java:984)
	at org.eclipse.core.runtime.adaptor.EclipseStarter.loadBasicBundles(EclipseStarter.java:596)
	at org.eclipse.core.runtime.adaptor.EclipseStarter.startup(EclipseStarter.java:331)
	at org.eclipse.core.runtime.adaptor.EclipseStarter.run(EclipseStarter.java:251)
	at sun.reflect.NativeMethodAccessorImpl.invoke0(Native Method)
	at sun.reflect.NativeMethodAccessorImpl.invoke(NativeMethodAccessorImpl.java:62)
	at sun.reflect.DelegatingMethodAccessorImpl.invoke(DelegatingMethodAccessorImpl.java:43)
	at java.lang.reflect.Method.invoke(Method.java:498)
	at org.eclipse.equinox.launcher.Main.invokeFramework(Main.java:653)
	at org.eclipse.equinox.launcher.Main.basicRun(Main.java:590)
	at org.eclipse.equinox.launcher.Main.run(Main.java:1461)
	at org.eclipse.equinox.launcher.Main.main(Main.java:1434)
Caused by: java.util.zip.ZipException: error in opening zip file
	at java.util.zip.ZipFile.open(Native Method)
	at java.util.zip.ZipFile.<init>(ZipFile.java:225)
	at java.util.zip.ZipFile.<init>(ZipFile.java:155)
	at java.util.zip.ZipFile.<init>(ZipFile.java:169)
	at org.eclipse.osgi.framework.util.SecureAction.getZipFile(SecureAction.java:335)
	... 17 more

!ENTRY org.eclipse.buildship.core 4 0 2021-01-24 16:25:30.105
!MESSAGE FrameworkEvent ERROR
!STACK 0
org.osgi.framework.BundleException: Could not resolve module: org.eclipse.buildship.core [14]
  Unresolved requirement: Require-Bundle: org.eclipse.jdt.launching
    -> Bundle-SymbolicName: org.eclipse.jdt.launching; bundle-version="3.19.0.v20201106-0848"; singleton:="true"
       org.eclipse.jdt.launching [49]
         Unresolved requirement: Require-Bundle: org.eclipse.debug.core; bundle-version="[3.17.0,4.0.0)"
           -> Bundle-SymbolicName: org.eclipse.debug.core; bundle-version="3.17.0.v20201109-1948"; singleton:="true"
              org.eclipse.debug.core [27]
                Unresolved requirement: Require-Capability: osgi.ee; filter:="(&(osgi.ee=JavaSE)(version=11))"
  Unresolved requirement: Require-Bundle: org.eclipse.jdt.junit.core
    -> Bundle-SymbolicName: org.eclipse.jdt.junit.core; bundle-version="3.10.900.v20201120-2059"; singleton:="true"
       org.eclipse.jdt.junit.core [47]
         Unresolved requirement: Require-Bundle: org.eclipse.jdt.launching; bundle-version="[3.13.0,4.0.0)"
           -> Bundle-SymbolicName: org.eclipse.jdt.launching; bundle-version="3.19.0.v20201106-0848"; singleton:="true"
         Unresolved requirement: Require-Bundle: org.eclipse.debug.core; bundle-version="[3.5.0,4.0.0)"
           -> Bundle-SymbolicName: org.eclipse.debug.core; bundle-version="3.17.0.v20201109-1948"; singleton:="true"

	at org.eclipse.osgi.container.Module.start(Module.java:463)
	at org.eclipse.osgi.container.ModuleContainer$ContainerStartLevel$2.run(ModuleContainer.java:1845)
	at org.eclipse.osgi.internal.framework.EquinoxContainerAdaptor$1$1.execute(EquinoxContainerAdaptor.java:136)
	at org.eclipse.osgi.container.ModuleContainer$ContainerStartLevel.incStartLevel(ModuleContainer.java:1838)
	at org.eclipse.osgi.container.ModuleContainer$ContainerStartLevel.incStartLevel(ModuleContainer.java:1779)
	at org.eclipse.osgi.container.ModuleContainer$ContainerStartLevel.doContainerStartLevel(ModuleContainer.java:1743)
	at org.eclipse.osgi.container.ModuleContainer$ContainerStartLevel.dispatchEvent(ModuleContainer.java:1665)
	at org.eclipse.osgi.container.ModuleContainer$ContainerStartLevel.dispatchEvent(ModuleContainer.java:1)
	at org.eclipse.osgi.framework.eventmgr.EventManager.dispatchEvent(EventManager.java:234)
	at org.eclipse.osgi.framework.eventmgr.EventManager$EventThread.run(EventManager.java:345)

!ENTRY org.eclipse.debug.core 4 0 2021-01-24 16:25:30.224
!MESSAGE FrameworkEvent ERROR
!STACK 0
org.osgi.framework.BundleException: Could not resolve module: org.eclipse.debug.core [27]
  Unresolved requirement: Require-Capability: osgi.ee; filter:="(&(osgi.ee=JavaSE)(version=11))"

	at org.eclipse.osgi.container.Module.start(Module.java:463)
	at org.eclipse.osgi.container.ModuleContainer$ContainerStartLevel$2.run(ModuleContainer.java:1845)
	at org.eclipse.osgi.internal.framework.EquinoxContainerAdaptor$1$1.execute(EquinoxContainerAdaptor.java:136)
	at org.eclipse.osgi.container.ModuleContainer$ContainerStartLevel.incStartLevel(ModuleContainer.java:1838)
	at org.eclipse.osgi.container.ModuleContainer$ContainerStartLevel.incStartLevel(ModuleContainer.java:1779)
	at org.eclipse.osgi.container.ModuleContainer$ContainerStartLevel.doContainerStartLevel(ModuleContainer.java:1743)
	at org.eclipse.osgi.container.ModuleContainer$ContainerStartLevel.dispatchEvent(ModuleContainer.java:1665)
	at org.eclipse.osgi.container.ModuleContainer$ContainerStartLevel.dispatchEvent(ModuleContainer.java:1)
	at org.eclipse.osgi.framework.eventmgr.EventManager.dispatchEvent(EventManager.java:234)
	at org.eclipse.osgi.framework.eventmgr.EventManager$EventThread.run(EventManager.java:345)

!ENTRY org.eclipse.jdt.core.manipulation 4 0 2021-01-24 16:25:30.231
!MESSAGE FrameworkEvent ERROR
!STACK 0
org.osgi.framework.BundleException: Could not resolve module: org.eclipse.jdt.core.manipulation [45]
  Unresolved requirement: Require-Bundle: org.eclipse.jdt.launching; bundle-version="3.9.0"
    -> Bundle-SymbolicName: org.eclipse.jdt.launching; bundle-version="3.19.0.v20201106-0848"; singleton:="true"
       org.eclipse.jdt.launching [49]
         Unresolved requirement: Require-Capability: osgi.ee; filter:="(&(osgi.ee=JavaSE)(version=11))"
         Unresolved requirement: Require-Bundle: org.eclipse.debug.core; bundle-version="[3.17.0,4.0.0)"
           -> Bundle-SymbolicName: org.eclipse.debug.core; bundle-version="3.17.0.v20201109-1948"; singleton:="true"
              org.eclipse.debug.core [27]
                Unresolved requirement: Require-Capability: osgi.ee; filter:="(&(osgi.ee=JavaSE)(version=11))"
         Unresolved requirement: Require-Bundle: org.eclipse.jdt.debug; bundle-version="[3.17.0,4.0.0)"
           -> Bundle-SymbolicName: org.eclipse.jdt.debug; bundle-version="3.17.0.v20201117-1145"; singleton:="true"
              org.eclipse.jdt.debug [46]
                Unresolved requirement: Require-Bundle: org.eclipse.debug.core; bundle-version="[3.12.0,4.0.0)"
                  -> Bundle-SymbolicName: org.eclipse.debug.core; bundle-version="3.17.0.v20201109-1948"; singleton:="true"

	at org.eclipse.osgi.container.Module.start(Module.java:463)
	at org.eclipse.osgi.container.ModuleContainer$ContainerStartLevel$2.run(ModuleContainer.java:1845)
	at org.eclipse.osgi.internal.framework.EquinoxContainerAdaptor$1$1.execute(EquinoxContainerAdaptor.java:136)
	at org.eclipse.osgi.container.ModuleContainer$ContainerStartLevel.incStartLevel(ModuleContainer.java:1838)
	at org.eclipse.osgi.container.ModuleContainer$ContainerStartLevel.incStartLevel(ModuleContainer.java:1779)
	at org.eclipse.osgi.container.ModuleContainer$ContainerStartLevel.doContainerStartLevel(ModuleContainer.java:1743)
	at org.eclipse.osgi.container.ModuleContainer$ContainerStartLevel.dispatchEvent(ModuleContainer.java:1665)
	at org.eclipse.osgi.container.ModuleContainer$ContainerStartLevel.dispatchEvent(ModuleContainer.java:1)
	at org.eclipse.osgi.framework.eventmgr.EventManager.dispatchEvent(EventManager.java:234)
	at org.eclipse.osgi.framework.eventmgr.EventManager$EventThread.run(EventManager.java:345)

!ENTRY org.eclipse.jdt.debug 4 0 2021-01-24 16:25:30.231
!MESSAGE FrameworkEvent ERROR
!STACK 0
org.osgi.framework.BundleException: Could not resolve module: org.eclipse.jdt.debug [46]
  Unresolved requirement: Require-Capability: osgi.ee; filter:="(&(osgi.ee=JavaSE)(version=11))"
  Unresolved requirement: Require-Bundle: org.eclipse.debug.core; bundle-version="[3.12.0,4.0.0)"
    -> Bundle-SymbolicName: org.eclipse.debug.core; bundle-version="3.17.0.v20201109-1948"; singleton:="true"
       org.eclipse.debug.core [27]
         Unresolved requirement: Require-Capability: osgi.ee; filter:="(&(osgi.ee=JavaSE)(version=11))"

	at org.eclipse.osgi.container.Module.start(Module.java:463)
	at org.eclipse.osgi.container.ModuleContainer$ContainerStartLevel$2.run(ModuleContainer.java:1845)
	at org.eclipse.osgi.internal.framework.EquinoxContainerAdaptor$1$1.execute(EquinoxContainerAdaptor.java:136)
	at org.eclipse.osgi.container.ModuleContainer$ContainerStartLevel.incStartLevel(ModuleContainer.java:1838)
	at org.eclipse.osgi.container.ModuleContainer$ContainerStartLevel.incStartLevel(ModuleContainer.java:1779)
	at org.eclipse.osgi.container.ModuleContainer$ContainerStartLevel.doContainerStartLevel(ModuleContainer.java:1743)
	at org.eclipse.osgi.container.ModuleContainer$ContainerStartLevel.dispatchEvent(ModuleContainer.java:1665)
	at org.eclipse.osgi.container.ModuleContainer$ContainerStartLevel.dispatchEvent(ModuleContainer.java:1)
	at org.eclipse.osgi.framework.eventmgr.EventManager.dispatchEvent(EventManager.java:234)
	at org.eclipse.osgi.framework.eventmgr.EventManager$EventThread.run(EventManager.java:345)

!ENTRY org.eclipse.jdt.junit.core 4 0 2021-01-24 16:25:30.233
!MESSAGE FrameworkEvent ERROR
!STACK 0
org.osgi.framework.BundleException: Could not resolve module: org.eclipse.jdt.junit.core [47]
  Unresolved requirement: Require-Bundle: org.eclipse.jdt.launching; bundle-version="[3.13.0,4.0.0)"
    -> Bundle-SymbolicName: org.eclipse.jdt.launching; bundle-version="3.19.0.v20201106-0848"; singleton:="true"
       org.eclipse.jdt.launching [49]
         Unresolved requirement: Require-Bundle: org.eclipse.debug.core; bundle-version="[3.17.0,4.0.0)"
           -> Bundle-SymbolicName: org.eclipse.debug.core; bundle-version="3.17.0.v20201109-1948"; singleton:="true"
              org.eclipse.debug.core [27]
                Unresolved requirement: Require-Capability: osgi.ee; filter:="(&(osgi.ee=JavaSE)(version=11))"
  Unresolved requirement: Require-Bundle: org.eclipse.debug.core; bundle-version="[3.5.0,4.0.0)"
    -> Bundle-SymbolicName: org.eclipse.debug.core; bundle-version="3.17.0.v20201109-1948"; singleton:="true"

	at org.eclipse.osgi.container.Module.start(Module.java:463)
	at org.eclipse.osgi.container.ModuleContainer$ContainerStartLevel$2.run(ModuleContainer.java:1845)
	at org.eclipse.osgi.internal.framework.EquinoxContainerAdaptor$1$1.execute(EquinoxContainerAdaptor.java:136)
	at org.eclipse.osgi.container.ModuleContainer$ContainerStartLevel.incStartLevel(ModuleContainer.java:1838)
	at org.eclipse.osgi.container.ModuleContainer$ContainerStartLevel.incStartLevel(ModuleContainer.java:1779)
	at org.eclipse.osgi.container.ModuleContainer$ContainerStartLevel.doContainerStartLevel(ModuleContainer.java:1743)
	at org.eclipse.osgi.container.ModuleContainer$ContainerStartLevel.dispatchEvent(ModuleContainer.java:1665)
	at org.eclipse.osgi.container.ModuleContainer$ContainerStartLevel.dispatchEvent(ModuleContainer.java:1)
	at org.eclipse.osgi.framework.eventmgr.EventManager.dispatchEvent(EventManager.java:234)
	at org.eclipse.osgi.framework.eventmgr.EventManager$EventThread.run(EventManager.java:345)

!ENTRY org.eclipse.jdt.launching 4 0 2021-01-24 16:25:30.234
!MESSAGE FrameworkEvent ERROR
!STACK 0
org.osgi.framework.BundleException: Could not resolve module: org.eclipse.jdt.launching [49]
  Unresolved requirement: Require-Capability: osgi.ee; filter:="(&(osgi.ee=JavaSE)(version=11))"
  Unresolved requirement: Require-Bundle: org.eclipse.debug.core; bundle-version="[3.17.0,4.0.0)"
    -> Bundle-SymbolicName: org.eclipse.debug.core; bundle-version="3.17.0.v20201109-1948"; singleton:="true"
       org.eclipse.debug.core [27]
         Unresolved requirement: Require-Capability: osgi.ee; filter:="(&(osgi.ee=JavaSE)(version=11))"
  Unresolved requirement: Require-Bundle: org.eclipse.jdt.debug; bundle-version="[3.17.0,4.0.0)"
    -> Bundle-SymbolicName: org.eclipse.jdt.debug; bundle-version="3.17.0.v20201117-1145"; singleton:="true"
       org.eclipse.jdt.debug [46]
         Unresolved requirement: Require-Bundle: org.eclipse.debug.core; bundle-version="[3.12.0,4.0.0)"
           -> Bundle-SymbolicName: org.eclipse.debug.core; bundle-version="3.17.0.v20201109-1948"; singleton:="true"

	at org.eclipse.osgi.container.Module.start(Module.java:463)
	at org.eclipse.osgi.container.ModuleContainer$ContainerStartLevel$2.run(ModuleContainer.java:1845)
	at org.eclipse.osgi.internal.framework.EquinoxContainerAdaptor$1$1.execute(EquinoxContainerAdaptor.java:136)
	at org.eclipse.osgi.container.ModuleContainer$ContainerStartLevel.incStartLevel(ModuleContainer.java:1838)
	at org.eclipse.osgi.container.ModuleContainer$ContainerStartLevel.incStartLevel(ModuleContainer.java:1779)
	at org.eclipse.osgi.container.ModuleContainer$ContainerStartLevel.doContainerStartLevel(ModuleContainer.java:1743)
	at org.eclipse.osgi.container.ModuleContainer$ContainerStartLevel.dispatchEvent(ModuleContainer.java:1665)
	at org.eclipse.osgi.container.ModuleContainer$ContainerStartLevel.dispatchEvent(ModuleContainer.java:1)
	at org.eclipse.osgi.framework.eventmgr.EventManager.dispatchEvent(EventManager.java:234)
	at org.eclipse.osgi.framework.eventmgr.EventManager$EventThread.run(EventManager.java:345)

!ENTRY org.eclipse.m2e.jdt 4 0 2021-01-24 16:25:30.235
!MESSAGE FrameworkEvent ERROR
!STACK 0
org.osgi.framework.BundleException: Could not resolve module: org.eclipse.m2e.jdt [56]
  Unresolved requirement: Require-Bundle: org.eclipse.debug.core
    -> Bundle-SymbolicName: org.eclipse.debug.core; bundle-version="3.17.0.v20201109-1948"; singleton:="true"
       org.eclipse.debug.core [27]
         Unresolved requirement: Require-Capability: osgi.ee; filter:="(&(osgi.ee=JavaSE)(version=11))"
  Unresolved requirement: Require-Bundle: org.eclipse.jdt.launching
    -> Bundle-SymbolicName: org.eclipse.jdt.launching; bundle-version="3.19.0.v20201106-0848"; singleton:="true"
       org.eclipse.jdt.launching [49]
         Unresolved requirement: Require-Bundle: org.eclipse.debug.core; bundle-version="[3.17.0,4.0.0)"
           -> Bundle-SymbolicName: org.eclipse.debug.core; bundle-version="3.17.0.v20201109-1948"; singleton:="true"

	at org.eclipse.osgi.container.Module.start(Module.java:463)
	at org.eclipse.osgi.container.ModuleContainer$ContainerStartLevel$2.run(ModuleContainer.java:1845)
	at org.eclipse.osgi.internal.framework.EquinoxContainerAdaptor$1$1.execute(EquinoxContainerAdaptor.java:136)
	at org.eclipse.osgi.container.ModuleContainer$ContainerStartLevel.incStartLevel(ModuleContainer.java:1838)
	at org.eclipse.osgi.container.ModuleContainer$ContainerStartLevel.incStartLevel(ModuleContainer.java:1779)
	at org.eclipse.osgi.container.ModuleContainer$ContainerStartLevel.doContainerStartLevel(ModuleContainer.java:1743)
	at org.eclipse.osgi.container.ModuleContainer$ContainerStartLevel.dispatchEvent(ModuleContainer.java:1665)
	at org.eclipse.osgi.container.ModuleContainer$ContainerStartLevel.dispatchEvent(ModuleContainer.java:1)
	at org.eclipse.osgi.framework.eventmgr.EventManager.dispatchEvent(EventManager.java:234)
	at org.eclipse.osgi.framework.eventmgr.EventManager$EventThread.run(EventManager.java:345)

!ENTRY org.jboss.tools.maven.apt.core 4 0 2021-01-24 16:25:30.236
!MESSAGE FrameworkEvent ERROR
!STACK 0
org.osgi.framework.BundleException: Could not resolve module: org.jboss.tools.maven.apt.core [71]
  Unresolved requirement: Require-Bundle: org.eclipse.m2e.jdt; bundle-version="1.5.0"
    -> Bundle-SymbolicName: org.eclipse.m2e.jdt; bundle-version="1.17.0.20201014-1513"; singleton:="true"
       org.eclipse.m2e.jdt [56]
         Unresolved requirement: Require-Bundle: org.eclipse.debug.core
           -> Bundle-SymbolicName: org.eclipse.debug.core; bundle-version="3.17.0.v20201109-1948"; singleton:="true"
              org.eclipse.debug.core [27]
                Unresolved requirement: Require-Capability: osgi.ee; filter:="(&(osgi.ee=JavaSE)(version=11))"
         Unresolved requirement: Require-Bundle: org.eclipse.jdt.launching
           -> Bundle-SymbolicName: org.eclipse.jdt.launching; bundle-version="3.19.0.v20201106-0848"; singleton:="true"
              org.eclipse.jdt.launching [49]
                Unresolved requirement: Require-Bundle: org.eclipse.debug.core; bundle-version="[3.17.0,4.0.0)"
                  -> Bundle-SymbolicName: org.eclipse.debug.core; bundle-version="3.17.0.v20201109-1948"; singleton:="true"

	at org.eclipse.osgi.container.Module.start(Module.java:463)
	at org.eclipse.osgi.container.ModuleContainer$ContainerStartLevel$2.run(ModuleContainer.java:1845)
	at org.eclipse.osgi.internal.framework.EquinoxContainerAdaptor$1$1.execute(EquinoxContainerAdaptor.java:136)
	at org.eclipse.osgi.container.ModuleContainer$ContainerStartLevel.incStartLevel(ModuleContainer.java:1838)
	at org.eclipse.osgi.container.ModuleContainer$ContainerStartLevel.incStartLevel(ModuleContainer.java:1779)
	at org.eclipse.osgi.container.ModuleContainer$ContainerStartLevel.doContainerStartLevel(ModuleContainer.java:1743)
	at org.eclipse.osgi.container.ModuleContainer$ContainerStartLevel.dispatchEvent(ModuleContainer.java:1665)
	at org.eclipse.osgi.container.ModuleContainer$ContainerStartLevel.dispatchEvent(ModuleContainer.java:1)
	at org.eclipse.osgi.framework.eventmgr.EventManager.dispatchEvent(EventManager.java:234)
	at org.eclipse.osgi.framework.eventmgr.EventManager$EventThread.run(EventManager.java:345)

!ENTRY org.eclipse.jdt.ls.core 4 0 2021-01-24 16:25:30.244
!MESSAGE FrameworkEvent ERROR
!STACK 0
org.osgi.framework.BundleException: Could not resolve module: org.eclipse.jdt.ls.core [50]
  Unresolved requirement: Require-Bundle: org.eclipse.jdt.launching
    -> Bundle-SymbolicName: org.eclipse.jdt.launching; bundle-version="3.19.0.v20201106-0848"; singleton:="true"
       org.eclipse.jdt.launching [49]
         Unresolved requirement: Require-Bundle: org.eclipse.debug.core; bundle-version="[3.17.0,4.0.0)"
           -> Bundle-SymbolicName: org.eclipse.debug.core; bundle-version="3.17.0.v20201109-1948"; singleton:="true"
              org.eclipse.debug.core [27]
                Unresolved requirement: Require-Capability: osgi.ee; filter:="(&(osgi.ee=JavaSE)(version=11))"
  Unresolved requirement: Require-Bundle: org.eclipse.debug.core
    -> Bundle-SymbolicName: org.eclipse.debug.core; bundle-version="3.17.0.v20201109-1948"; singleton:="true"
  Unresolved requirement: Require-Bundle: org.eclipse.m2e.jdt; resolution:="optional"
    -> Bundle-SymbolicName: org.eclipse.m2e.jdt; bundle-version="1.17.0.20201014-1513"; singleton:="true"
       org.eclipse.m2e.jdt [56]
         Unresolved requirement: Require-Bundle: org.eclipse.debug.core
           -> Bundle-SymbolicName: org.eclipse.debug.core; bundle-version="3.17.0.v20201109-1948"; singleton:="true"
  Unresolved requirement: Require-Bundle: org.eclipse.buildship.core; bundle-version="1.0.18"; resolution:="optional"
    -> Bundle-SymbolicName: org.eclipse.buildship.core; bundle-version="3.1.5.v20200806-2157-s"; singleton:="true"
       org.eclipse.buildship.core [14]
         Unresolved requirement: Require-Bundle: org.eclipse.jdt.launching
           -> Bundle-SymbolicName: org.eclipse.jdt.launching; bundle-version="3.19.0.v20201106-0848"; singleton:="true"
         Unresolved requirement: Require-Bundle: org.eclipse.jdt.junit.core
           -> Bundle-SymbolicName: org.eclipse.jdt.junit.core; bundle-version="3.10.900.v20201120-2059"; singleton:="true"
              org.eclipse.jdt.junit.core [47]
                Unresolved requirement: Require-Bundle: org.eclipse.debug.core; bundle-version="[3.5.0,4.0.0)"
                  -> Bundle-SymbolicName: org.eclipse.debug.core; bundle-version="3.17.0.v20201109-1948"; singleton:="true"
         Unresolved requirement: Require-Bundle: org.eclipse.debug.core
           -> Bundle-SymbolicName: org.eclipse.debug.core; bundle-version="3.17.0.v20201109-1948"; singleton:="true"

	at org.eclipse.osgi.container.Module.start(Module.java:463)
	at org.eclipse.osgi.container.ModuleContainer$ContainerStartLevel$2.run(ModuleContainer.java:1845)
	at org.eclipse.osgi.internal.framework.EquinoxContainerAdaptor$1$1.execute(EquinoxContainerAdaptor.java:136)
	at org.eclipse.osgi.container.ModuleContainer$ContainerStartLevel.incStartLevel(ModuleContainer.java:1838)
	at org.eclipse.osgi.container.ModuleContainer$ContainerStartLevel.incStartLevel(ModuleContainer.java:1781)
	at org.eclipse.osgi.container.ModuleContainer$ContainerStartLevel.doContainerStartLevel(ModuleContainer.java:1743)
	at org.eclipse.osgi.container.ModuleContainer$ContainerStartLevel.dispatchEvent(ModuleContainer.java:1665)
	at org.eclipse.osgi.container.ModuleContainer$ContainerStartLevel.dispatchEvent(ModuleContainer.java:1)
	at org.eclipse.osgi.framework.eventmgr.EventManager.dispatchEvent(EventManager.java:234)
	at org.eclipse.osgi.framework.eventmgr.EventManager$EventThread.run(EventManager.java:345)

!ENTRY org.eclipse.osgi 4 0 2021-01-24 16:25:30.249
!MESSAGE Bundle initial@reference:file:plugins/org.eclipse.jdt.ls.core_0.69.0.202101210441.jar was not resolved.

!ENTRY org.eclipse.buildship.core 2 0 2021-01-24 16:25:30.254
!MESSAGE Could not resolve module: org.eclipse.buildship.core [14]
  Unresolved requirement: Require-Bundle: org.eclipse.jdt.launching
    -> Bundle-SymbolicName: org.eclipse.jdt.launching; bundle-version="3.19.0.v20201106-0848"; singleton:="true"
       org.eclipse.jdt.launching [49]
         Unresolved requirement: Require-Bundle: org.eclipse.debug.core; bundle-version="[3.17.0,4.0.0)"
           -> Bundle-SymbolicName: org.eclipse.debug.core; bundle-version="3.17.0.v20201109-1948"; singleton:="true"
              org.eclipse.debug.core [27]
                Unresolved requirement: Require-Capability: osgi.ee; filter:="(&(osgi.ee=JavaSE)(version=11))"
  Unresolved requirement: Require-Bundle: org.eclipse.jdt.junit.core
    -> Bundle-SymbolicName: org.eclipse.jdt.junit.core; bundle-version="3.10.900.v20201120-2059"; singleton:="true"
       org.eclipse.jdt.junit.core [47]
         Unresolved requirement: Require-Bundle: org.eclipse.jdt.launching; bundle-version="[3.13.0,4.0.0)"
           -> Bundle-SymbolicName: org.eclipse.jdt.launching; bundle-version="3.19.0.v20201106-0848"; singleton:="true"
         Unresolved requirement: Require-Bundle: org.eclipse.debug.core; bundle-version="[3.5.0,4.0.0)"
           -> Bundle-SymbolicName: org.eclipse.debug.core; bundle-version="3.17.0.v20201109-1948"; singleton:="true"


!ENTRY org.eclipse.m2e.lifecyclemapping.defaults 2 0 2021-01-24 16:25:30.254
!MESSAGE Could not resolve module: org.eclipse.m2e.lifecyclemapping.defaults [57]
  Unresolved requirement: Require-Bundle: org.eclipse.m2e.jdt; bundle-version="[1.16.0,2.0.0)"
    -> Bundle-SymbolicName: org.eclipse.m2e.jdt; bundle-version="1.17.0.20201014-1513"; singleton:="true"
       org.eclipse.m2e.jdt [56]
         Unresolved requirement: Require-Bundle: org.eclipse.debug.core
           -> Bundle-SymbolicName: org.eclipse.debug.core; bundle-version="3.17.0.v20201109-1948"; singleton:="true"
              org.eclipse.debug.core [27]
                Unresolved requirement: Require-Capability: osgi.ee; filter:="(&(osgi.ee=JavaSE)(version=11))"


!ENTRY org.jboss.tools.maven.apt.core 2 0 2021-01-24 16:25:30.254
!MESSAGE Could not resolve module: org.jboss.tools.maven.apt.core [71]
  Unresolved requirement: Require-Bundle: org.eclipse.m2e.jdt; bundle-version="1.5.0"
    -> Bundle-SymbolicName: org.eclipse.m2e.jdt; bundle-version="1.17.0.20201014-1513"; singleton:="true"
       org.eclipse.m2e.jdt [56]
         Unresolved requirement: Require-Bundle: org.eclipse.debug.core
           -> Bundle-SymbolicName: org.eclipse.debug.core; bundle-version="3.17.0.v20201109-1948"; singleton:="true"
              org.eclipse.debug.core [27]
                Unresolved requirement: Require-Capability: osgi.ee; filter:="(&(osgi.ee=JavaSE)(version=11))"


!ENTRY org.eclipse.jdt.launching 2 0 2021-01-24 16:25:30.255
!MESSAGE Could not resolve module: org.eclipse.jdt.launching [49]
  Unresolved requirement: Require-Bundle: org.eclipse.debug.core; bundle-version="[3.17.0,4.0.0)"
    -> Bundle-SymbolicName: org.eclipse.debug.core; bundle-version="3.17.0.v20201109-1948"; singleton:="true"
       org.eclipse.debug.core [27]
         Unresolved requirement: Require-Capability: osgi.ee; filter:="(&(osgi.ee=JavaSE)(version=11))"


!ENTRY org.eclipse.jdt.ls.core 2 0 2021-01-24 16:25:30.255
!MESSAGE Could not resolve module: org.eclipse.jdt.ls.core [50]
  Unresolved requirement: Require-Bundle: org.eclipse.debug.core
    -> Bundle-SymbolicName: org.eclipse.debug.core; bundle-version="3.17.0.v20201109-1948"; singleton:="true"
       org.eclipse.debug.core [27]
         Unresolved requirement: Require-Capability: osgi.ee; filter:="(&(osgi.ee=JavaSE)(version=11))"


!ENTRY org.eclipse.jdt.core.manipulation 2 0 2021-01-24 16:25:30.255
!MESSAGE Could not resolve module: org.eclipse.jdt.core.manipulation [45]
  Unresolved requirement: Require-Bundle: org.eclipse.jdt.launching; bundle-version="3.9.0"
    -> Bundle-SymbolicName: org.eclipse.jdt.launching; bundle-version="3.19.0.v20201106-0848"; singleton:="true"
       org.eclipse.jdt.launching [49]
         Unresolved requirement: Require-Bundle: org.eclipse.debug.core; bundle-version="[3.17.0,4.0.0)"
           -> Bundle-SymbolicName: org.eclipse.debug.core; bundle-version="3.17.0.v20201109-1948"; singleton:="true"
              org.eclipse.debug.core [27]
                Unresolved requirement: Require-Capability: osgi.ee; filter:="(&(osgi.ee=JavaSE)(version=11))"


!ENTRY org.eclipse.jdt.debug 2 0 2021-01-24 16:25:30.255
!MESSAGE Could not resolve module: org.eclipse.jdt.debug [46]
  Unresolved requirement: Require-Bundle: org.eclipse.debug.core; bundle-version="[3.12.0,4.0.0)"
    -> Bundle-SymbolicName: org.eclipse.debug.core; bundle-version="3.17.0.v20201109-1948"; singleton:="true"
       org.eclipse.debug.core [27]
         Unresolved requirement: Require-Capability: osgi.ee; filter:="(&(osgi.ee=JavaSE)(version=11))"


!ENTRY org.eclipse.jdt.junit.core 2 0 2021-01-24 16:25:30.255
!MESSAGE Could not resolve module: org.eclipse.jdt.junit.core [47]
  Unresolved requirement: Require-Bundle: org.eclipse.jdt.launching; bundle-version="[3.13.0,4.0.0)"
    -> Bundle-SymbolicName: org.eclipse.jdt.launching; bundle-version="3.19.0.v20201106-0848"; singleton:="true"
       org.eclipse.jdt.launching [49]
         Unresolved requirement: Require-Bundle: org.eclipse.debug.core; bundle-version="[3.17.0,4.0.0)"
           -> Bundle-SymbolicName: org.eclipse.debug.core; bundle-version="3.17.0.v20201109-1948"; singleton:="true"
              org.eclipse.debug.core [27]
                Unresolved requirement: Require-Capability: osgi.ee; filter:="(&(osgi.ee=JavaSE)(version=11))"
  Unresolved requirement: Require-Bundle: org.eclipse.debug.core; bundle-version="[3.5.0,4.0.0)"
    -> Bundle-SymbolicName: org.eclipse.debug.core; bundle-version="3.17.0.v20201109-1948"; singleton:="true"


!ENTRY org.eclipse.m2e.jdt 2 0 2021-01-24 16:25:30.255
!MESSAGE Could not resolve module: org.eclipse.m2e.jdt [56]
  Unresolved requirement: Require-Bundle: org.eclipse.debug.core
    -> Bundle-SymbolicName: org.eclipse.debug.core; bundle-version="3.17.0.v20201109-1948"; singleton:="true"
       org.eclipse.debug.core [27]
         Unresolved requirement: Require-Capability: osgi.ee; filter:="(&(osgi.ee=JavaSE)(version=11))"


!ENTRY org.eclipse.debug.core 2 0 2021-01-24 16:25:30.255
!MESSAGE Could not resolve module: org.eclipse.debug.core [27]
  Unresolved requirement: Require-Capability: osgi.ee; filter:="(&(osgi.ee=JavaSE)(version=11))"


!ENTRY org.eclipse.osgi 4 0 2021-01-24 16:25:30.255
!MESSAGE Application error
!STACK 1
java.lang.RuntimeException: Application "org.eclipse.jdt.ls.core.id1" could not be found in the registry. The applications available are: org.eclipse.ant.core.antRunner, org.eclipse.equinox.app.error, org.eclipse.jdt.apt.core.aptBuild, org.eclipse.jdt.core.JavaIndexer.
	at org.eclipse.equinox.internal.app.EclipseAppContainer.startDefaultApp(EclipseAppContainer.java:252)
	at org.eclipse.equinox.internal.app.MainApplicationLauncher.run(MainApplicationLauncher.java:33)
	at org.eclipse.core.runtime.internal.adaptor.EclipseAppLauncher.runApplication(EclipseAppLauncher.java:134)
	at org.eclipse.core.runtime.internal.adaptor.EclipseAppLauncher.start(EclipseAppLauncher.java:104)
	at org.eclipse.core.runtime.adaptor.EclipseStarter.run(EclipseStarter.java:401)
	at org.eclipse.core.runtime.adaptor.EclipseStarter.run(EclipseStarter.java:255)
	at sun.reflect.NativeMethodAccessorImpl.invoke0(Native Method)
	at sun.reflect.NativeMethodAccessorImpl.invoke(NativeMethodAccessorImpl.java:62)
	at sun.reflect.DelegatingMethodAccessorImpl.invoke(DelegatingMethodAccessorImpl.java:43)
	at java.lang.reflect.Method.invoke(Method.java:498)
	at org.eclipse.equinox.launcher.Main.invokeFramework(Main.java:653)
	at org.eclipse.equinox.launcher.Main.basicRun(Main.java:590)
	at org.eclipse.equinox.launcher.Main.run(Main.java:1461)
	at org.eclipse.equinox.launcher.Main.main(Main.java:1434)
