00:00:00.242597 VirtualBox GUI VM Selector Window 6.1.16 r140961 linux.amd64 (Nov 10 2020 10:11:31) release log
00:00:00.242598 Log opened 2021-01-05T13:54:18.792720000Z
00:00:00.242598 Build Type: release
00:00:00.242599 OS Product: Linux
00:00:00.242599 OS Release: 5.9.14-arch1-1
00:00:00.242599 OS Version: #1 SMP PREEMPT Sat, 12 Dec 2020 14:37:12 +0000
00:00:00.242609 DMI Product Name: B365 M AORUS ELITE
00:00:00.242613 DMI Product Version: Default string
00:00:00.242615 Firmware type: UEFI
00:00:00.243319 Secure Boot: Disabled
00:00:00.243338 Host RAM: 15952MB (15.5GB) total, 15212MB (14.8GB) available
00:00:00.243339 Executable: /usr/lib/virtualbox/VirtualBox
00:00:00.243340 Process ID: 1536
00:00:00.243340 Package type: LINUX_64BITS_GENERIC (OSE)
00:00:00.243353 Qt version: 5.15.2
00:00:00.254661 GUI: UIMediumEnumerator: Medium-enumeration started...
00:00:00.254671 GUI: UIMediumEnumerator: Medium-enumeration finished!
00:00:00.534014 GUI: UIDesktopWidgetWatchdog::sltHandleHostScreenAvailableGeometryCalculated: Screen 0 work area is actually resized to: 0x40 x 1920x1160
00:06:51.479758 GUI: UIMediumEnumerator: Medium with key={{f05d2933-f620-4430-9956-c83292cc5684}} created
00:06:51.647451 GUI: UIMediumEnumerator: Medium-enumeration finished!
00:08:02.538801 GUI: UIMediumEnumerator: Medium-enumeration finished!
00:08:22.974045 GUI: UIMediumEnumerator: Medium-enumeration finished!
00:08:27.143635 GUI: UIMediumEnumerator: Medium-enumeration finished!
00:30:07.569538 GUI: UIMediumEnumerator: Medium-enumeration finished!
00:30:07.572238 GUI: UIMediumEnumerator: Medium-enumeration finished!
